15:05:54.791 [main] DEBUG fileLogger - Get User from Database - BobRoss
15:05:58.846 [main] DEBUG fileLogger - Get accounts from Database with user_id
15:06:03.429 [main] DEBUG fileLogger - Get accounts from Database with user_id
15:06:12.966 [main] DEBUG fileLogger - Getting users associated with 459
15:06:13.665 [main] DEBUG fileLogger - Get account - 459
15:06:30.453 [main] DEBUG fileLogger - Updating account 459 to have a balance of 269.11
15:06:39.318 [main] DEBUG fileLogger - Get accounts from Database with user_id
15:06:42.574 [main] DEBUG fileLogger - Get account - 459
15:06:44.125 [main] DEBUG fileLogger - Updating account 459 to have a balance of 324.11
15:06:47.109 [main] DEBUG fileLogger - Get accounts from Database with user_id
15:06:54.741 [main] DEBUG fileLogger - Get account - 459
15:06:55.447 [main] DEBUG fileLogger - Get account - 123
15:07:13.486 [main] DEBUG fileLogger - Changing user's application to Pending, ID - 1
15:07:14.238 [main] DEBUG fileLogger - Get User from Database - BobRoss
15:16:36.215 [main] DEBUG fileLogger - Get User from Database - DaVinci
15:16:38.903 [main] DEBUG fileLogger - Get accounts from Database with user_id
15:16:45.341 [main] DEBUG fileLogger - Getting users associated with 123
15:16:46.029 [main] DEBUG fileLogger - Get account - 123
15:16:52.846 [main] DEBUG fileLogger - Updating account 123 to have a balance of 910.0
15:17:10.246 [main] DEBUG fileLogger - Getting users associated with 123
15:17:11.086 [main] DEBUG fileLogger - Get account - 123
15:17:13.933 [main] DEBUG fileLogger - Updating account 123 to have a balance of 901.0
15:17:56.790 [main] DEBUG fileLogger - Get accounts from Database with user_id
15:18:05.318 [main] DEBUG fileLogger - Get account - 3
15:19:54.671 [main] DEBUG fileLogger - Get User from Database - DaVinci
15:20:02.006 [main] DEBUG fileLogger - Getting users associated with 8
15:20:04.590 [main] DEBUG fileLogger - Get accounts from Database with user_id
15:20:11.726 [main] DEBUG fileLogger - Getting users associated with 123
15:20:12.437 [main] DEBUG fileLogger - Get account - 123
15:20:16.374 [main] DEBUG fileLogger - Updating account 123 to have a balance of 901.0
15:20:19.197 [main] DEBUG fileLogger - Get accounts from Database with user_id
15:20:26.862 [main] DEBUG fileLogger - Getting users associated with 123
15:20:27.675 [main] DEBUG fileLogger - Get account - 123
15:20:29.829 [main] DEBUG fileLogger - Updating account 123 to have a balance of 1024.0
15:20:36.294 [main] DEBUG fileLogger - Get accounts from Database with user_id
15:20:51.694 [main] DEBUG fileLogger - Get account - 123
15:20:52.374 [main] DEBUG fileLogger - Get account - 352
15:21:01.998 [main] DEBUG fileLogger - Updating account 123 to have a balance of 1001.0
15:21:02.759 [main] DEBUG fileLogger - Updating account 352 to have a balance of 418.0
15:21:05.830 [main] DEBUG fileLogger - Get accounts from Database with user_id
15:21:10.070 [main] DEBUG fileLogger - Get account - 1
15:21:10.766 [main] DEBUG fileLogger - Get account - 2
15:23:25.623 [main] DEBUG fileLogger - Get User from Database - BobRoss
15:23:28.614 [main] DEBUG fileLogger - Get accounts from Database with user_id
15:23:35.758 [main] DEBUG fileLogger - Getting users associated with 459
15:23:36.454 [main] DEBUG fileLogger - Getting users associated with 123
15:23:37.158 [main] DEBUG fileLogger - Get account - 459
15:23:37.868 [main] DEBUG fileLogger - Get account - 123
15:23:40.990 [main] DEBUG fileLogger - Updating account 459 to have a balance of 320.11
15:23:41.682 [main] DEBUG fileLogger - Updating account 123 to have a balance of 1005.0
15:23:43.837 [main] DEBUG fileLogger - Get accounts from Database with user_id
15:23:46.734 [main] DEBUG fileLogger - Getting users associated with 5
15:23:47.413 [main] DEBUG fileLogger - Getting users associated with 8
15:24:06.358 [main] DEBUG fileLogger - Getting all UserIDs
15:24:12.117 [main] DEBUG fileLogger - Getting all usernames
15:24:20.486 [main] DEBUG fileLogger - Getting Emails
15:24:21.175 [main] DEBUG fileLogger - Created User in Database - User [id=65, username=test1, password=pass1, type=customer, email=test@pass.com]
15:24:40.421 [main] DEBUG fileLogger - Get User from Database - test1
15:24:42.390 [main] DEBUG fileLogger - Get accounts from Database with user_id
15:24:48.349 [main] DEBUG fileLogger - Changing user's application to Pending, ID - 65
15:24:49.043 [main] DEBUG fileLogger - Get User from Database - test1
15:25:09.230 [main] DEBUG fileLogger - Get User from Database - BossMan
15:25:15.405 [main] DEBUG fileLogger - Get User from Database - Bossman
15:25:32.710 [main] DEBUG fileLogger - Get User from Database - Bossman
15:26:21.055 [main] DEBUG fileLogger - Get User from Database - Bossman
15:26:34.526 [main] DEBUG fileLogger - Getting only customer IDs
15:26:35.233 [main] DEBUG fileLogger - Get accounts from Database with user_id
15:26:36.096 [main] DEBUG fileLogger - Get accounts from Database with user_id
15:26:36.932 [main] DEBUG fileLogger - Get accounts from Database with user_id
15:26:49.645 [main] DEBUG fileLogger - Getting User from Database with ID - 65
15:26:50.339 [main] DEBUG fileLogger - Changing user's application to notPending, ID - 65
15:26:51.068 [main] DEBUG fileLogger - Getting all AccountIDs
15:26:51.774 [main] DEBUG fileLogger - Creating account - 430
15:26:52.507 [main] DEBUG fileLogger - Creating bridge between user 65 and account 430
15:26:57.677 [main] DEBUG fileLogger - Getting only customer IDs
15:26:58.380 [main] DEBUG fileLogger - Get accounts from Database with user_id
15:26:59.266 [main] DEBUG fileLogger - Get accounts from Database with user_id
15:27:00.171 [main] DEBUG fileLogger - Get accounts from Database with user_id
15:27:09.214 [main] DEBUG fileLogger - Get accounts from Database with user_id
15:27:26.734 [main] DEBUG fileLogger - Deleted link to account - 430
15:27:30.317 [main] DEBUG fileLogger - Getting only customer IDs
15:27:31.023 [main] DEBUG fileLogger - Get accounts from Database with user_id
15:27:31.919 [main] DEBUG fileLogger - Get accounts from Database with user_id
15:27:32.718 [main] DEBUG fileLogger - Get accounts from Database with user_id
15:27:48.069 [main] DEBUG fileLogger - Get User from Database - BobRoss
15:28:01.813 [main] DEBUG fileLogger - Get User from Database - Bossman
15:28:31.406 [main] DEBUG fileLogger - Get User from Database - DaVinci
15:28:47.085 [main] DEBUG fileLogger - Get User from Database - Bossman
15:29:03.869 [main] DEBUG fileLogger - Get User from Database - WorkerBee
15:29:07.710 [main] DEBUG fileLogger - Getting only customer IDs
15:29:08.398 [main] DEBUG fileLogger - Get accounts from Database with user_id
15:29:09.267 [main] DEBUG fileLogger - Get accounts from Database with user_id
15:29:10.095 [main] DEBUG fileLogger - Get accounts from Database with user_id
